Arguments: 
  C:\Program Files\nodejs\node.exe C:\Users\hungp\AppData\Roaming\npm\node_modules\yarn\bin\yarn.js init

PATH: 
  C:\Python310\Scripts\;C:\Python310\;C:\Program Files\Microsoft\jdk-11.0.12.7-hotspot\bin;C:\Program Files\NVIDIA GPU Computing Toolkit\CUDA\v11.4\bin;C:\Program Files\NVIDIA GPU Computing Toolkit\CUDA\v11.4\libnvvp;C:\Program Files (x86)\Common Files\Oracle\Java\javapath;C:\Windows\system32;C:\Windows;C:\Windows\System32\Wbem;C:\Windows\System32\WindowsPowerShell\v1.0\;C:\Windows\System32\OpenSSH\;D:\Softwares\flutter\bin;C:\Program Files\NVIDIA Corporation\NVIDIA NvDLISR;C:\Program Files (x86)\NVIDIA Corporation\PhysX\Common;C:\Users\hungp\.cargo\bin;C:\Users\hungp\AppData\Local\Microsoft\WindowsApps;C:\Users\hungp\AppData\Local\Programs\Microsoft VS Code\bin;C:\adb;C:\Program Files\Go\bin;C:\Program Files\NVIDIA Corporation\Nsight Compute 2021.2.2\;C:\WINDOWS\system32;C:\WINDOWS;C:\WINDOWS\System32\Wbem;C:\WINDOWS\System32\WindowsPowerShell\v1.0\;C:\WINDOWS\System32\OpenSSH\;D:\Softwares\Putty\;C:\Users\hungp\AppData\Local\Pub\Cache\bin;C:\ProgramData\chocolatey\bin;C:\Program Files\Microsoft SQL Server\150\Tools\Binn\;C:\Program Files\Microsoft SQL Server\Client SDK\ODBC\170\Tools\Binn\;C:\Program Files\dotnet\;C:\Program Files\Git LFS;C:\Program Files\nodejs\;C:\Program Files\Git\cmd;C:\msys64\mingw64\bin;;C:\Program Files\Amazon\AWSCLIV2\;C:\Program Files\Docker\Docker\resources\bin;C:\ProgramData\DockerDesktop\version-bin;C:\Users\hungp\.local\share\solana\install\active_release\bin;C:\Users\hungp\.local\share\solana\install\releases\1.8.5\solana-release\bin;C:\Users\hungp\scoop\shims;C:\Program Files\MySQL\MySQL Shell 8.0\bin\;C:\Users\hungp\.cargo\bin;C:\Users\hungp\AppData\Local\Microsoft\WindowsApps;C:\Users\hungp\AppData\Local\Programs\Microsoft VS Code\bin;D:\Softwares\flutter\bin;D:\Softwares\IntelliJ IDEA Community Edition 2021.2.2\bin;C:\Users\hungp\go\bin;C:\Users\hungp\AppData\Local\Pub\Cache\bin;C:\Program Files\heroku\bin;C:\ProgramData\chocolatey\bin;c:\users\hungp\appdata\local\packages\pythonsoftwarefoundation.python.3.9_qbz5n2kfra8p0\localcache\local-packages\python39\scripts;c:\users\hungp\.local\bin;C:\Program Files\IPFS Desktop\resources\app.asar.unpacked\src\ipfs-on-path\scripts\bin-win;C:\Users\hungp\.dotnet\tools;D:\Softwares\geth;C:\Users\hungp\AppData\Roaming\npm;C:\msys64\mingw64\bin;C:\ProgramData\chocolatey\lib\mingw\tools\install\mingw64\bin;

Yarn version: 
  1.22.17

Node version: 
  16.13.0

Platform: 
  win32 x64

Trace: 
  Error: canceled
      at Interface.<anonymous> (C:\Users\hungp\AppData\Roaming\npm\node_modules\yarn\lib\cli.js:137143:13)
      at Interface.emit (node:events:390:28)
      at Interface._ttyWrite (node:readline:1081:16)
      at ReadStream.onkeypress (node:readline:288:10)
      at ReadStream.emit (node:events:390:28)
      at emitKeys (node:internal/readline/utils:358:14)
      at emitKeys.next (<anonymous>)
      at ReadStream.onData (node:internal/readline/emitKeypressEvents:61:36)
      at ReadStream.emit (node:events:390:28)
      at addChunk (node:internal/streams/readable:315:12)

npm manifest: 
  No manifest

yarn manifest: 
  No manifest

Lockfile: 
  No lockfile
